<?xml version="1.0" encoding="UTF-8"?>
<!-- Generated by org.testng.reporters.JUnitReportReporter -->
<testsuite hostname="DESKTOP-S4JUL1R" failures="0" tests="5" name="testCases.TC_003_LoginDDT" time="76.876" errors="0" timestamp="2022-12-28T23:09:44 GMT-08:00" skipped="0">
  <testcase classname="testCases.TC_003_LoginDDT" name="test_loginDDT" time="15.360"/>
  <system-out/>
  <testcase classname="testCases.TC_003_LoginDDT" name="test_loginDDT" time="13.164"/>
  <system-out/>
  <testcase classname="testCases.TC_003_LoginDDT" name="test_loginDDT" time="13.237"/>
  <system-out/>
  <testcase classname="testCases.TC_003_LoginDDT" name="test_loginDDT" time="12.590"/>
  <system-out/>
  <testcase classname="testCases.TC_003_LoginDDT" name="test_loginDDT" time="22.525"/>
  <system-out/>
</testsuite> <!-- testCases.TC_003_LoginDDT -->
