<?xml version="1.0" encoding="UTF-8"?>
<!-- Generated by org.testng.reporters.JUnitReportReporter -->
<testsuite hostname="DESKTOP-S4JUL1R" failures="0" tests="1" name="testCases.TC_002_LoginTest" time="5.182" errors="0" timestamp="2022-12-28T23:16:47 GMT-08:00" skipped="0">
  <testcase classname="testCases.TC_002_LoginTest" name="test_login" time="5.182"/>
  <system-out/>
</testsuite> <!-- testCases.TC_002_LoginTest -->
