<?xml version="1.0" encoding="UTF-8"?>
<!-- Generated by org.testng.reporters.JUnitReportReporter -->
<testsuite hostname="DESKTOP-S4JUL1R" failures="0" tests="1" name="testCases.TC_00_AccountRegistrationTest" time="17.377" errors="0" timestamp="2022-12-29T06:47:43 GMT-08:00" skipped="0">
  <testcase classname="testCases.TC_00_AccountRegistrationTest" name="test_account_Registration" time="17.377"/>
  <system-out/>
</testsuite> <!-- testCases.TC_00_AccountRegistrationTest -->
